<?xml version="1.0" encoding="UTF-8"?>
<!-- Generated by org.testng.reporters.JUnitReportReporter -->
<testsuite hostname="LTIN234944" failures="0" tests="5" name="testCases.TC003_GiftCards" time="47.206" errors="0" timestamp="2024-03-04T10:50:52 IST" skipped="0">
  <testcase classname="testCases.TC003_GiftCards" name="chooseGiftCard" time="39.005"/>
  <system-out/>
  <testcase classname="testCases.TC003_GiftCards" name="enterAmount" time="0.185"/>
  <system-out/>
  <testcase classname="testCases.TC003_GiftCards" name="formDetails" time="3.988"/>
  <system-out/>
  <testcase classname="testCases.TC003_GiftCards" name="printErrorMs" time="0.047"/>
  <system-out/>
  <testcase classname="testCases.TC003_GiftCards" name="enterValidDetails" time="3.981"/>
  <system-out/>
</testsuite> <!-- testCases.TC003_GiftCards -->
