<?xml version="1.0" encoding="UTF-8"?>
<!-- Generated by org.testng.reporters.JUnitReportReporter -->
<testsuite hostname="LTIN234944" failures="0" tests="4" name="testCases.TC001_BookShelves" time="8.303" errors="0" timestamp="2024-03-04T10:50:52 IST" skipped="0">
  <testcase classname="testCases.TC001_BookShelves" name="HandlePopup" time="5.632"/>
  <system-out/>
  <testcase classname="testCases.TC001_BookShelves" name="SelectFilters" time="0.891"/>
  <system-out/>
  <testcase classname="testCases.TC001_BookShelves" name="pricePriority" time="0.749"/>
  <system-out/>
  <testcase classname="testCases.TC001_BookShelves" name="prntProductDetails" time="1.031"/>
  <system-out/>
</testsuite> <!-- testCases.TC001_BookShelves -->
