<?xml version="1.0" encoding="UTF-8"?>
<!-- Generated by org.testng.reporters.JUnitReportReporter -->
<testsuite hostname="LTIN234944" failures="0" tests="2" name="testCases.TC002_Living" time="4.971" errors="0" timestamp="2024-03-04T10:50:52 IST" skipped="0">
  <testcase classname="testCases.TC002_Living" name="viewLiving" time="2.156"/>
  <system-out/>
  <testcase classname="testCases.TC002_Living" name="prntSubmenu" time="2.815"/>
  <system-out/>
</testsuite> <!-- testCases.TC002_Living -->
